# JRE version: OpenJDK Runtime Environment (8.0_152-b02) (build 1.8.0_152-release-1024-b02)
# Java VM: OpenJDK 64-Bit Server VM (25.152-b02 mixed mode windows-amd64 compressed oops)
Heap:
 PSYoungGen      total 104960K, used 91227K [0x00000000e0000000, 0x00000000e8380000, 0x0000000100000000)
  eden space 87040K, 90% used [0x00000000e0000000,0x00000000e4ce47d8,0x00000000e5500000)
  from space 17920K, 69% used [0x00000000e5500000,0x00000000e61326e8,0x00000000e6680000)
  to   space 18432K, 0% used [0x00000000e7180000,0x00000000e7180000,0x00000000e8380000)
 ParOldGen       total 99840K, used 55500K [0x00000000a0000000, 0x00000000a6180000, 0x00000000e0000000)
  object space 99840K, 55% used [0x00000000a0000000,0x00000000a36332e0,0x00000000a6180000)
 Metaspace       used 78190K, capacity 80930K, committed 81112K, reserved 1120256K
  class space    used 10043K, capacity 10696K, committed 10752K, reserved 1048576K
GC Heap History (10 events):
Event: 156.380 GC heap before
{Heap before GC invocations=32 (full 3):
 PSYoungGen      total 89088K, used 89068K [0x00000000e0000000, 0x00000000e6d00000, 0x0000000100000000)
  eden space 75776K, 100% used [0x00000000e0000000,0x00000000e4a00000,0x00000000e4a00000)
  from space 13312K, 99% used [0x00000000e5a00000,0x00000000e66fb280,0x00000000e6700000)
  to   space 16384K, 0% used [0x00000000e4a00000,0x00000000e4a00000,0x00000000e5a00000)
 ParOldGen       total 99840K, used 47779K [0x00000000a0000000, 0x00000000a6180000, 0x00000000e0000000)
  object space 99840K, 47% used [0x00000000a0000000,0x00000000a2ea8f98,0x00000000a6180000)
 Metaspace       used 71589K, capacity 74050K, committed 74200K, reserved 1114112K
  class space    used 9322K, capacity 9942K, committed 9984K, reserved 1048576K
Event: 156.433 GC heap after
Heap after GC invocations=32 (full 3):
 PSYoungGen      total 92160K, used 8235K [0x00000000e0000000, 0x00000000e7080000, 0x0000000100000000)
  eden space 75776K, 0% used [0x00000000e0000000,0x00000000e0000000,0x00000000e4a00000)
  from space 16384K, 50% used [0x00000000e4a00000,0x00000000e520ac18,0x00000000e5a00000)
  to   space 15872K, 0% used [0x00000000e6100000,0x00000000e6100000,0x00000000e7080000)
 ParOldGen       total 99840K, used 55476K [0x00000000a0000000, 0x00000000a6180000, 0x00000000e0000000)
  object space 99840K, 55% used [0x00000000a0000000,0x00000000a362d2e0,0x00000000a6180000)
 Metaspace       used 71589K, capacity 74050K, committed 74200K, reserved 1114112K
  class space    used 9322K, capacity 9942K, committed 9984K, reserved 1048576K
}
Event: 708.334 GC heap before
{Heap before GC invocations=33 (full 3):
 PSYoungGen      total 92160K, used 84011K [0x00000000e0000000, 0x00000000e7080000, 0x0000000100000000)
  eden space 75776K, 100% used [0x00000000e0000000,0x00000000e4a00000,0x00000000e4a00000)
  from space 16384K, 50% used [0x00000000e4a00000,0x00000000e520ac18,0x00000000e5a00000)
  to   space 15872K, 0% used [0x00000000e6100000,0x00000000e6100000,0x00000000e7080000)
 ParOldGen       total 99840K, used 55476K [0x00000000a0000000, 0x00000000a6180000, 0x00000000e0000000)
  object space 99840K, 55% used [0x00000000a0000000,0x00000000a362d2e0,0x00000000a6180000)
 Metaspace       used 72546K, capacity 75232K, committed 75352K, reserved 1114112K
  class space    used 9402K, capacity 10023K, committed 10112K, reserved 1048576K
Event: 708.379 GC heap after
Heap after GC invocations=33 (full 3):
 PSYoungGen      total 97280K, used 12024K [0x00000000e0000000, 0x00000000e7000000, 0x0000000100000000)
  eden space 81920K, 0% used [0x00000000e0000000,0x00000000e0000000,0x00000000e5000000)
  from space 15360K, 78% used [0x00000000e6100000,0x00000000e6cbe348,0x00000000e7000000)
  to   space 16384K, 0% used [0x00000000e5000000,0x00000000e5000000,0x00000000e6000000)
 ParOldGen       total 99840K, used 55484K [0x00000000a0000000, 0x00000000a6180000, 0x00000000e0000000)
  object space 99840K, 55% used [0x00000000a0000000,0x00000000a362f2e0,0x00000000a6180000)
 Metaspace       used 72546K, capacity 75232K, committed 75352K, reserved 1114112K
  class space    used 9402K, capacity 10023K, committed 10112K, reserved 1048576K
}
Event: 764.817 GC heap before
{Heap before GC invocations=34 (full 3):
 PSYoungGen      total 97280K, used 93944K [0x00000000e0000000, 0x00000000e7000000, 0x0000000100000000)
  eden space 81920K, 100% used [0x00000000e0000000,0x00000000e5000000,0x00000000e5000000)
  from space 15360K, 78% used [0x00000000e6100000,0x00000000e6cbe348,0x00000000e7000000)
  to   space 16384K, 0% used [0x00000000e5000000,0x00000000e5000000,0x00000000e6000000)
 ParOldGen       total 99840K, used 55484K [0x00000000a0000000, 0x00000000a6180000, 0x00000000e0000000)
  object space 99840K, 55% used [0x00000000a0000000,0x00000000a362f2e0,0x00000000a6180000)
 Metaspace       used 73161K, capacity 75906K, committed 76120K, reserved 1116160K
  class space    used 9473K, capacity 10088K, committed 10112K, reserved 1048576K
Event: 764.895 GC heap after
Heap after GC invocations=34 (full 3):
 PSYoungGen      total 98304K, used 11865K [0x00000000e0000000, 0x00000000e7780000, 0x0000000100000000)
  eden space 81920K, 0% used [0x00000000e0000000,0x00000000e0000000,0x00000000e5000000)
  from space 16384K, 72% used [0x00000000e5000000,0x00000000e5b966e8,0x00000000e6000000)
  to   space 17408K, 0% used [0x00000000e6680000,0x00000000e6680000,0x00000000e7780000)
 ParOldGen       total 99840K, used 55492K [0x00000000a0000000, 0x00000000a6180000, 0x00000000e0000000)
  object space 99840K, 55% used [0x00000000a0000000,0x00000000a36312e0,0x00000000a6180000)
 Metaspace       used 73161K, capacity 75906K, committed 76120K, reserved 1116160K
  class space    used 9473K, capacity 10088K, committed 10112K, reserved 1048576K
}
Event: 767.304 GC heap before
{Heap before GC invocations=35 (full 3):
 PSYoungGen      total 98304K, used 93785K [0x00000000e0000000, 0x00000000e7780000, 0x0000000100000000)
  eden space 81920K, 100% used [0x00000000e0000000,0x00000000e5000000,0x00000000e5000000)
  from space 16384K, 72% used [0x00000000e5000000,0x00000000e5b966e8,0x00000000e6000000)
  to   space 17408K, 0% used [0x00000000e6680000,0x00000000e6680000,0x00000000e7780000)
 ParOldGen       total 99840K, used 55492K [0x00000000a0000000, 0x00000000a6180000, 0x00000000e0000000)
  object space 99840K, 55% used [0x00000000a0000000,0x00000000a36312e0,0x00000000a6180000)
 Metaspace       used 73182K, capacity 76002K, committed 76248K, reserved 1116160K
  class space    used 9473K, capacity 10120K, committed 10240K, reserved 1048576K
Event: 767.351 GC heap after
Heap after GC invocations=35 (full 3):
 PSYoungGen      total 104448K, used 11804K [0x00000000e0000000, 0x00000000e7a80000, 0x0000000100000000)
  eden space 87040K, 0% used [0x00000000e0000000,0x00000000e0000000,0x00000000e5500000)
  from space 17408K, 67% used [0x00000000e6680000,0x00000000e72071a0,0x00000000e7780000)
  to   space 17920K, 0% used [0x00000000e5500000,0x00000000e5500000,0x00000000e6680000)
 ParOldGen       total 99840K, used 55500K [0x00000000a0000000, 0x00000000a6180000, 0x00000000e0000000)
  object space 99840K, 55% used [0x00000000a0000000,0x00000000a36332e0,0x00000000a6180000)
 Metaspace       used 73182K, capacity 76002K, committed 76248K, reserved 1116160K
  class space    used 9473K, capacity 10120K, committed 10240K, reserved 1048576K
}
Event: 768.089 GC heap before
{Heap before GC invocations=36 (full 3):
 PSYoungGen      total 104448K, used 98844K [0x00000000e0000000, 0x00000000e7a80000, 0x0000000100000000)
  eden space 87040K, 100% used [0x00000000e0000000,0x00000000e5500000,0x00000000e5500000)
  from space 17408K, 67% used [0x00000000e6680000,0x00000000e72071a0,0x00000000e7780000)
  to   space 17920K, 0% used [0x00000000e5500000,0x00000000e5500000,0x00000000e6680000)
 ParOldGen       total 99840K, used 55500K [0x00000000a0000000, 0x00000000a6180000, 0x00000000e0000000)
  object space 99840K, 55% used [0x00000000a0000000,0x00000000a36332e0,0x00000000a6180000)
 Metaspace       used 73183K, capacity 76002K, committed 76248K, reserved 1116160K
  class space    used 9473K, capacity 10120K, committed 10240K, reserved 1048576K
Event: 768.123 GC heap after
Heap after GC invocations=36 (full 3):
 PSYoungGen      total 104960K, used 12489K [0x00000000e0000000, 0x00000000e8380000, 0x0000000100000000)
  eden space 87040K, 0% used [0x00000000e0000000,0x00000000e0000000,0x00000000e5500000)
  from space 17920K, 69% used [0x00000000e5500000,0x00000000e61326e8,0x00000000e6680000)
  to   space 18432K, 0% used [0x00000000e7180000,0x00000000e7180000,0x00000000e8380000)
 ParOldGen       total 99840K, used 55500K [0x00000000a0000000, 0x00000000a6180000, 0x00000000e0000000)
  object space 99840K, 55% used [0x00000000a0000000,0x00000000a36332e0,0x00000000a6180000)
 Metaspace       used 73183K, capacity 76002K, committed 76248K, reserved 1116160K
  class space    used 9473K, capacity 10120K, committed 10240K, reserved 1048576K
}

